<?xml version='1.0' encoding='UTF-8'?>
<testsuite hostname="OSTML0195767" name="cs.MarketTestSuite" tests="7" errors="0" failures="0" time="0.018">
                     <properties>
[...]
</properties>
                     <testcase classname="cs.MarketTestSuite" name="Market maintains buy orders with descending price and ascending timestamp" time="0.014">
                                                 
                                               </testcase><testcase classname="cs.MarketTestSuite" name="Market maintains sell orders with ascending price and ascending timestamp" time="0.0">
                                                 
                                               </testcase><testcase classname="cs.MarketTestSuite" name="Market adds an order to its list of trades only if matching order is not found" time="0.001">
                                                 
                                               </testcase><testcase classname="cs.MarketTestSuite" name="Market is able to calculate open interest for Buy orders" time="0.0">
                                                 
                                               </testcase><testcase classname="cs.MarketTestSuite" name="Market is able to calculate open interest for Sell orders" time="0.0">
                                                 
                                               </testcase><testcase classname="cs.MarketTestSuite" name="Market can calculate average execution price" time="0.0">
                                                 
                                               </testcase><testcase classname="cs.MarketTestSuite" name="Market can calculate executed quantity for specific user" time="0.003">
                                                 
                                               </testcase>
                     <system-out></system-out>
                     <system-err></system-err>
                   </testsuite>