<?xml version='1.0' encoding='UTF-8'?>
<testsuite hostname="OSTML0195767" name="cs.OrderTestSuite" tests="7" errors="0" failures="0" time="0.015">
                     <properties>
[...]
</properties>
                     <testcase classname="cs.OrderTestSuite" name="Order equals compares all fields" time="0.014">
                                                 
                                               </testcase><testcase classname="cs.OrderTestSuite" name="Order equals compares all fields : Negative" time="0.0">
                                                 
                                               </testcase><testcase classname="cs.OrderTestSuite" name="Orders match if they have opposing directions, matching RICs and quantities, and if the sell price is less than or equal to the buy price" time="0.0">
                                                 
                                               </testcase><testcase classname="cs.OrderTestSuite" name="Orders match when seller is selling at a price lesser than buyer is willing to pay" time="0.0">
                                                 
                                               </testcase><testcase classname="cs.OrderTestSuite" name="Orders don't match when selling price &gt; than buyer is willing to pay" time="0.0">
                                                 
                                               </testcase><testcase classname="cs.OrderTestSuite" name="Orders don't match when they are in same direction" time="0.0">
                                                 
                                               </testcase><testcase classname="cs.OrderTestSuite" name="isBuy returns true for Buy trade and false for Sell trade" time="0.001">
                                                 
                                               </testcase>
                     <system-out></system-out>
                     <system-err></system-err>
                   </testsuite>