[0m[[0mdebug[0m] [0mRunning TaskDef(cs.ExchangeTestSuite, org.scalatest.tools.Framework$$anon$1@7e5f38db, false, [SuiteSelector])[0m
[0m[[0minfo[0m] [0m[36mRun completed in 513 milliseconds.[0m[0m
[0m[[0minfo[0m] [0m[36mTotal number of tests run: 4[0m[0m
[0m[[0minfo[0m] [0m[36mSuites: completed 1, aborted 0[0m[0m
[0m[[0minfo[0m] [0m[36mTests: succeeded 0, failed 4, canceled 0, ignored 0, pending 0[0m[0m
[0m[[0minfo[0m] [0m[31m*** 4 TESTS FAILED ***[0m[0m
[0m[[31merror[0m] [0mFailed tests:[0m
[0m[[31merror[0m] [0m	cs.ExchangeTestSuite[0m
[0m[[31merror[0m] [0m(test:[31mtestOnly[0m) sbt.TestsFailedException: Tests unsuccessful[0m
